<?xml version="1.0" encoding="UTF-8"?>
<testng-results skipped="0" failed="0" ignored="0" total="1" passed="1">
  <reporter-output>
  </reporter-output>
  <suite name="Default suite" duration-ms="10347" started-at="2020-08-14T15:36:12 EDT" finished-at="2020-08-14T15:36:23 EDT">
    <groups>
    </groups>
    <test name="Default test" duration-ms="10347" started-at="2020-08-14T15:36:12 EDT" finished-at="2020-08-14T15:36:23 EDT">
      <class name="guru99Application.Guru99ApplicationTest">
        <test-method status="PASS" signature="invokeBrowser()[pri:0, instance:guru99Application.Guru99ApplicationTest@369f73a2]" name="invokeBrowser" is-config="true" duration-ms="10259" started-at="2020-08-14T15:36:12 EDT" finished-at="2020-08-14T15:36:23 EDT">
          <reporter-output>
          </reporter-output>
        </test-method> <!-- invokeBrowser -->
        <test-method status="PASS" signature="verifyTitleOfThePage()[pri:0, instance:guru99Application.Guru99ApplicationTest@369f73a2]" name="verifyTitleOfThePage" duration-ms="24" started-at="2020-08-14T15:36:23 EDT" finished-at="2020-08-14T15:36:23 EDT">
          <reporter-output>
          </reporter-output>
        </test-method> <!-- verifyTitleOfThePage -->
      </class> <!-- guru99Application.Guru99ApplicationTest -->
    </test> <!-- Default test -->
  </suite> <!-- Default suite -->
</testng-results>
